2023-11-23 15:30:25.496 [info] Log level: Info
2023-11-23 15:30:25.496 [info] Validating found git in: "git"
2023-11-23 15:30:25.496 [info] Using git "2.34.1" from "git"
2023-11-23 15:30:25.496 [info] > git rev-parse --show-toplevel [3ms]
2023-11-23 15:30:25.496 [info] fatal: not a git repository (or any of the parent directories): .git
2023-11-23 15:30:25.496 [info] > git rev-parse --show-toplevel [1ms]
2023-11-23 15:30:25.496 [info] fatal: not a git repository (or any of the parent directories): .git
2023-11-23 15:30:25.496 [info] > git rev-parse --show-toplevel [3ms]
2023-11-23 15:30:25.496 [info] fatal: not a git repository (or any of the parent directories): .git
2023-11-23 15:30:25.496 [info] > git rev-parse --show-toplevel [3ms]
2023-11-23 15:30:25.496 [info] fatal: not a git repository (or any of the parent directories): .git
2023-11-23 15:30:25.673 [info] > git rev-parse --show-toplevel [16ms]
2023-11-23 15:30:25.673 [info] fatal: not a git repository (or any of the parent directories): .git
2023-11-23 15:32:37.698 [info] > git rev-parse --show-toplevel [3ms]
2023-11-23 15:32:37.699 [info] fatal: not a git repository (or any of the parent directories): .git
2023-11-23 19:02:21.440 [info] > git rev-parse --show-toplevel [2ms]
2023-11-23 19:02:21.447 [info] > git rev-parse --git-dir --git-common-dir [2ms]
2023-11-23 19:02:21.461 [info] Open repository: /home/villamizar
2023-11-23 19:02:21.478 [info] No remotes found in the git config file.
2023-11-23 19:02:21.479 [info] > git config --get commit.template [7ms]
2023-11-23 19:02:21.480 [info] > git for-each-ref --format=%(refname)%00%(upstream:short)%00%(objectname)%00%(upstream:track)%00%(upstream:remotename)%00%(upstream:remoteref) refs/heads/master refs/remotes/master [3ms]
2023-11-23 19:02:21.510 [info] > git status -z -uall [25ms]
2023-11-23 19:02:21.739 [info] > git config --get commit.template [4ms]
2023-11-23 19:02:21.746 [info] No remotes found in the git config file.
2023-11-23 19:02:21.747 [info] > git for-each-ref --format=%(refname)%00%(upstream:short)%00%(objectname)%00%(upstream:track)%00%(upstream:remotename)%00%(upstream:remoteref) refs/heads/master refs/remotes/master [1ms]
2023-11-23 19:02:21.765 [info] > git status -z -uall [13ms]
2023-11-23 19:03:21.442 [info] > git check-ignore -v -z --stdin [1ms]
2023-11-23 19:04:20.934 [info] > git show --textconv :web.html [6ms]
2023-11-23 19:04:20.936 [info] > git ls-files --stage -- /home/villamizar/web.html [3ms]
2023-11-23 19:43:24.953 [info] > git config --get commit.template [2ms]
2023-11-23 19:43:24.963 [info] > git for-each-ref --format=%(refname)%00%(upstream:short)%00%(objectname)%00%(upstream:track)%00%(upstream:remotename)%00%(upstream:remoteref) refs/heads/master refs/remotes/master [2ms]
2023-11-23 19:43:24.981 [info] > git status -z -uall [13ms]
2023-11-23 19:43:25.345 [info] > git ls-files --stage -- /home/villamizar/web.html [7ms]
2023-11-23 19:43:25.354 [info] > git cat-file -s aeee9887e2e9f3bbe0c69dc3efc9dc3bab4d957b [2ms]
2023-11-23 19:43:25.452 [info] > git show --textconv :web.html [2ms]
2023-11-23 19:43:30.027 [info] > git config --get commit.template [7ms]
2023-11-23 19:43:30.028 [info] > git for-each-ref --format=%(refname)%00%(upstream:short)%00%(objectname)%00%(upstream:track)%00%(upstream:remotename)%00%(upstream:remoteref) refs/heads/master refs/remotes/master [2ms]
2023-11-23 19:43:30.045 [info] > git status -z -uall [11ms]
2023-11-23 19:43:35.081 [info] > git config --get commit.template [8ms]
2023-11-23 19:43:35.082 [info] > git for-each-ref --format=%(refname)%00%(upstream:short)%00%(objectname)%00%(upstream:track)%00%(upstream:remotename)%00%(upstream:remoteref) refs/heads/master refs/remotes/master [2ms]
2023-11-23 19:43:35.097 [info] > git status -z -uall [10ms]
2023-11-23 19:43:40.141 [info] > git config --get commit.template [6ms]
2023-11-23 19:43:40.141 [info] > git for-each-ref --format=%(refname)%00%(upstream:short)%00%(objectname)%00%(upstream:track)%00%(upstream:remotename)%00%(upstream:remoteref) refs/heads/master refs/remotes/master [1ms]
2023-11-23 19:43:40.155 [info] > git status -z -uall [9ms]
2023-11-23 19:43:45.184 [info] > git config --get commit.template [6ms]
2023-11-23 19:43:45.184 [info] > git for-each-ref --format=%(refname)%00%(upstream:short)%00%(objectname)%00%(upstream:track)%00%(upstream:remotename)%00%(upstream:remoteref) refs/heads/master refs/remotes/master [1ms]
2023-11-23 19:43:45.198 [info] > git status -z -uall [9ms]
2023-11-23 19:43:50.232 [info] > git config --get commit.template [10ms]
2023-11-23 19:43:50.232 [info] > git for-each-ref --format=%(refname)%00%(upstream:short)%00%(objectname)%00%(upstream:track)%00%(upstream:remotename)%00%(upstream:remoteref) refs/heads/master refs/remotes/master [2ms]
2023-11-23 19:43:50.255 [info] > git status -z -uall [14ms]
2023-11-23 19:43:55.315 [info] > git config --get commit.template [7ms]
2023-11-23 19:43:55.315 [info] > git for-each-ref --format=%(refname)%00%(upstream:short)%00%(objectname)%00%(upstream:track)%00%(upstream:remotename)%00%(upstream:remoteref) refs/heads/master refs/remotes/master [2ms]
2023-11-23 19:43:55.330 [info] > git status -z -uall [9ms]
2023-11-23 19:44:00.359 [info] > git config --get commit.template [1ms]
2023-11-23 19:44:00.366 [info] > git for-each-ref --format=%(refname)%00%(upstream:short)%00%(objectname)%00%(upstream:track)%00%(upstream:remotename)%00%(upstream:remoteref) refs/heads/master refs/remotes/master [2ms]
2023-11-23 19:44:00.381 [info] > git status -z -uall [10ms]
2023-11-23 19:44:05.410 [info] > git config --get commit.template [7ms]
2023-11-23 19:44:05.411 [info] > git for-each-ref --format=%(refname)%00%(upstream:short)%00%(objectname)%00%(upstream:track)%00%(upstream:remotename)%00%(upstream:remoteref) refs/heads/master refs/remotes/master [2ms]
2023-11-23 19:44:05.425 [info] > git status -z -uall [9ms]
2023-11-23 19:44:10.482 [info] > git config --get commit.template [15ms]
2023-11-23 19:44:10.482 [info] > git for-each-ref --format=%(refname)%00%(upstream:short)%00%(objectname)%00%(upstream:track)%00%(upstream:remotename)%00%(upstream:remoteref) refs/heads/master refs/remotes/master [2ms]
2023-11-23 19:44:10.500 [info] > git status -z -uall [10ms]
2023-11-23 19:44:15.526 [info] > git config --get commit.template [1ms]
2023-11-23 19:44:15.532 [info] > git for-each-ref --format=%(refname)%00%(upstream:short)%00%(objectname)%00%(upstream:track)%00%(upstream:remotename)%00%(upstream:remoteref) refs/heads/master refs/remotes/master [1ms]
2023-11-23 19:44:15.547 [info] > git status -z -uall [9ms]
2023-11-23 19:44:20.576 [info] > git config --get commit.template [7ms]
2023-11-23 19:44:20.576 [info] > git for-each-ref --format=%(refname)%00%(upstream:short)%00%(objectname)%00%(upstream:track)%00%(upstream:remotename)%00%(upstream:remoteref) refs/heads/master refs/remotes/master [2ms]
2023-11-23 19:44:20.591 [info] > git status -z -uall [10ms]
2023-11-23 19:44:25.622 [info] > git config --get commit.template [6ms]
2023-11-23 19:44:25.623 [info] > git for-each-ref --format=%(refname)%00%(upstream:short)%00%(objectname)%00%(upstream:track)%00%(upstream:remotename)%00%(upstream:remoteref) refs/heads/master refs/remotes/master [2ms]
2023-11-23 19:44:25.637 [info] > git status -z -uall [9ms]
2023-11-23 19:44:30.666 [info] > git config --get commit.template [7ms]
2023-11-23 19:44:30.667 [info] > git for-each-ref --format=%(refname)%00%(upstream:short)%00%(objectname)%00%(upstream:track)%00%(upstream:remotename)%00%(upstream:remoteref) refs/heads/master refs/remotes/master [2ms]
2023-11-23 19:44:30.681 [info] > git status -z -uall [9ms]
2023-11-23 19:44:35.714 [info] > git config --get commit.template [6ms]
2023-11-23 19:44:35.714 [info] > git for-each-ref --format=%(refname)%00%(upstream:short)%00%(objectname)%00%(upstream:track)%00%(upstream:remotename)%00%(upstream:remoteref) refs/heads/master refs/remotes/master [1ms]
2023-11-23 19:44:35.728 [info] > git status -z -uall [9ms]
2023-11-23 19:44:40.760 [info] > git config --get commit.template [6ms]
2023-11-23 19:44:40.760 [info] > git for-each-ref --format=%(refname)%00%(upstream:short)%00%(objectname)%00%(upstream:track)%00%(upstream:remotename)%00%(upstream:remoteref) refs/heads/master refs/remotes/master [1ms]
2023-11-23 19:44:40.774 [info] > git status -z -uall [9ms]
2023-11-23 19:44:45.806 [info] > git config --get commit.template [6ms]
2023-11-23 19:44:45.806 [info] > git for-each-ref --format=%(refname)%00%(upstream:short)%00%(objectname)%00%(upstream:track)%00%(upstream:remotename)%00%(upstream:remoteref) refs/heads/master refs/remotes/master [1ms]
2023-11-23 19:44:45.820 [info] > git status -z -uall [9ms]
2023-11-23 19:45:12.246 [info] > git config --get commit.template [9ms]
2023-11-23 19:45:12.247 [info] > git for-each-ref --format=%(refname)%00%(upstream:short)%00%(objectname)%00%(upstream:track)%00%(upstream:remotename)%00%(upstream:remoteref) refs/heads/master refs/remotes/master [2ms]
2023-11-23 19:45:12.263 [info] > git status -z -uall [8ms]
2023-11-23 19:45:17.319 [info] > git config --get commit.template [13ms]
2023-11-23 19:45:17.320 [info] > git for-each-ref --format=%(refname)%00%(upstream:short)%00%(objectname)%00%(upstream:track)%00%(upstream:remotename)%00%(upstream:remoteref) refs/heads/master refs/remotes/master [2ms]
2023-11-23 19:45:17.338 [info] > git status -z -uall [12ms]
2023-11-23 19:45:22.371 [info] > git config --get commit.template [6ms]
2023-11-23 19:45:22.372 [info] > git for-each-ref --format=%(refname)%00%(upstream:short)%00%(objectname)%00%(upstream:track)%00%(upstream:remotename)%00%(upstream:remoteref) refs/heads/master refs/remotes/master [2ms]
2023-11-23 19:45:22.386 [info] > git status -z -uall [10ms]
2023-11-23 19:45:27.414 [info] > git config --get commit.template [6ms]
2023-11-23 19:45:27.415 [info] > git for-each-ref --format=%(refname)%00%(upstream:short)%00%(objectname)%00%(upstream:track)%00%(upstream:remotename)%00%(upstream:remoteref) refs/heads/master refs/remotes/master [2ms]
2023-11-23 19:45:27.428 [info] > git status -z -uall [9ms]
2023-11-23 19:45:32.455 [info] > git config --get commit.template [1ms]
2023-11-23 19:45:32.462 [info] > git for-each-ref --format=%(refname)%00%(upstream:short)%00%(objectname)%00%(upstream:track)%00%(upstream:remotename)%00%(upstream:remoteref) refs/heads/master refs/remotes/master [1ms]
2023-11-23 19:45:32.476 [info] > git status -z -uall [9ms]
2023-11-23 19:45:37.505 [info] > git config --get commit.template [6ms]
2023-11-23 19:45:37.506 [info] > git for-each-ref --format=%(refname)%00%(upstream:short)%00%(objectname)%00%(upstream:track)%00%(upstream:remotename)%00%(upstream:remoteref) refs/heads/master refs/remotes/master [1ms]
2023-11-23 19:45:37.522 [info] > git status -z -uall [9ms]
2023-11-23 19:45:53.221 [info] > git config --get commit.template [1ms]
2023-11-23 19:45:53.228 [info] > git for-each-ref --format=%(refname)%00%(upstream:short)%00%(objectname)%00%(upstream:track)%00%(upstream:remotename)%00%(upstream:remoteref) refs/heads/master refs/remotes/master [1ms]
2023-11-23 19:45:53.243 [info] > git status -z -uall [10ms]
2023-11-23 19:45:58.279 [info] > git config --get commit.template [6ms]
2023-11-23 19:45:58.279 [info] > git for-each-ref --format=%(refname)%00%(upstream:short)%00%(objectname)%00%(upstream:track)%00%(upstream:remotename)%00%(upstream:remoteref) refs/heads/master refs/remotes/master [1ms]
2023-11-23 19:45:58.293 [info] > git status -z -uall [9ms]
2023-11-23 19:46:03.338 [info] > git config --get commit.template [9ms]
2023-11-23 19:46:03.339 [info] > git for-each-ref --format=%(refname)%00%(upstream:short)%00%(objectname)%00%(upstream:track)%00%(upstream:remotename)%00%(upstream:remoteref) refs/heads/master refs/remotes/master [2ms]
2023-11-23 19:46:03.354 [info] > git status -z -uall [10ms]
2023-11-23 19:46:08.394 [info] > git config --get commit.template [9ms]
2023-11-23 19:46:08.478 [info] > git for-each-ref --format=%(refname)%00%(upstream:short)%00%(objectname)%00%(upstream:track)%00%(upstream:remotename)%00%(upstream:remoteref) refs/heads/master refs/remotes/master [85ms]
2023-11-23 19:46:08.496 [info] > git status -z -uall [11ms]
2023-11-23 19:46:13.523 [info] > git config --get commit.template [1ms]
2023-11-23 19:46:13.529 [info] > git for-each-ref --format=%(refname)%00%(upstream:short)%00%(objectname)%00%(upstream:track)%00%(upstream:remotename)%00%(upstream:remoteref) refs/heads/master refs/remotes/master [1ms]
2023-11-23 19:46:13.543 [info] > git status -z -uall [9ms]
2023-11-23 19:46:18.583 [info] > git config --get commit.template [7ms]
2023-11-23 19:46:18.584 [info] > git for-each-ref --format=%(refname)%00%(upstream:short)%00%(objectname)%00%(upstream:track)%00%(upstream:remotename)%00%(upstream:remoteref) refs/heads/master refs/remotes/master [2ms]
2023-11-23 19:46:18.598 [info] > git status -z -uall [9ms]
2023-11-23 19:46:24.220 [info] > git config --get commit.template [7ms]
2023-11-23 19:46:24.221 [info] > git for-each-ref --format=%(refname)%00%(upstream:short)%00%(objectname)%00%(upstream:track)%00%(upstream:remotename)%00%(upstream:remoteref) refs/heads/master refs/remotes/master [2ms]
2023-11-23 19:46:24.240 [info] > git status -z -uall [12ms]
2023-11-23 19:46:29.263 [info] > git config --get commit.template [1ms]
2023-11-23 19:46:29.270 [info] > git for-each-ref --format=%(refname)%00%(upstream:short)%00%(objectname)%00%(upstream:track)%00%(upstream:remotename)%00%(upstream:remoteref) refs/heads/master refs/remotes/master [1ms]
2023-11-23 19:46:29.284 [info] > git status -z -uall [9ms]
2023-11-23 19:46:34.329 [info] > git config --get commit.template [10ms]
2023-11-23 19:46:34.330 [info] > git for-each-ref --format=%(refname)%00%(upstream:short)%00%(objectname)%00%(upstream:track)%00%(upstream:remotename)%00%(upstream:remoteref) refs/heads/master refs/remotes/master [2ms]
2023-11-23 19:46:34.345 [info] > git status -z -uall [9ms]
2023-11-23 19:46:39.377 [info] > git config --get commit.template [8ms]
2023-11-23 19:46:39.377 [info] > git for-each-ref --format=%(refname)%00%(upstream:short)%00%(objectname)%00%(upstream:track)%00%(upstream:remotename)%00%(upstream:remoteref) refs/heads/master refs/remotes/master [1ms]
2023-11-23 19:46:39.392 [info] > git status -z -uall [10ms]
2023-11-23 19:46:44.425 [info] > git config --get commit.template [6ms]
2023-11-23 19:46:44.426 [info] > git for-each-ref --format=%(refname)%00%(upstream:short)%00%(objectname)%00%(upstream:track)%00%(upstream:remotename)%00%(upstream:remoteref) refs/heads/master refs/remotes/master [1ms]
2023-11-23 19:46:44.441 [info] > git status -z -uall [10ms]
2023-11-23 19:46:49.473 [info] > git config --get commit.template [8ms]
2023-11-23 19:46:49.474 [info] > git for-each-ref --format=%(refname)%00%(upstream:short)%00%(objectname)%00%(upstream:track)%00%(upstream:remotename)%00%(upstream:remoteref) refs/heads/master refs/remotes/master [2ms]
2023-11-23 19:46:49.492 [info] > git status -z -uall [12ms]
2023-11-23 19:46:54.524 [info] > git config --get commit.template [7ms]
2023-11-23 19:46:54.525 [info] > git for-each-ref --format=%(refname)%00%(upstream:short)%00%(objectname)%00%(upstream:track)%00%(upstream:remotename)%00%(upstream:remoteref) refs/heads/master refs/remotes/master [2ms]
2023-11-23 19:46:54.539 [info] > git status -z -uall [9ms]
2023-11-23 19:46:59.567 [info] > git config --get commit.template [1ms]
2023-11-23 19:46:59.573 [info] > git for-each-ref --format=%(refname)%00%(upstream:short)%00%(objectname)%00%(upstream:track)%00%(upstream:remotename)%00%(upstream:remoteref) refs/heads/master refs/remotes/master [1ms]
2023-11-23 19:46:59.587 [info] > git status -z -uall [9ms]
2023-11-23 19:47:04.611 [info] > git config --get commit.template [1ms]
2023-11-23 19:47:04.618 [info] > git for-each-ref --format=%(refname)%00%(upstream:short)%00%(objectname)%00%(upstream:track)%00%(upstream:remotename)%00%(upstream:remoteref) refs/heads/master refs/remotes/master [1ms]
2023-11-23 19:47:04.633 [info] > git status -z -uall [9ms]
2023-11-23 19:47:14.707 [info] > git config --get commit.template [1ms]
2023-11-23 19:47:14.716 [info] > git for-each-ref --format=%(refname)%00%(upstream:short)%00%(objectname)%00%(upstream:track)%00%(upstream:remotename)%00%(upstream:remoteref) refs/heads/master refs/remotes/master [1ms]
2023-11-23 19:47:14.733 [info] > git status -z -uall [11ms]
2023-11-23 19:47:19.775 [info] > git config --get commit.template [11ms]
2023-11-23 19:47:19.776 [info] > git for-each-ref --format=%(refname)%00%(upstream:short)%00%(objectname)%00%(upstream:track)%00%(upstream:remotename)%00%(upstream:remoteref) refs/heads/master refs/remotes/master [2ms]
2023-11-23 19:47:19.795 [info] > git status -z -uall [12ms]
2023-11-23 19:47:24.830 [info] > git config --get commit.template [7ms]
2023-11-23 19:47:24.830 [info] > git for-each-ref --format=%(refname)%00%(upstream:short)%00%(objectname)%00%(upstream:track)%00%(upstream:remotename)%00%(upstream:remoteref) refs/heads/master refs/remotes/master [1ms]
2023-11-23 19:47:24.846 [info] > git status -z -uall [9ms]
